<?xml version="1.0" encoding="UTF-8"?>
<!-- Generated by org.testng.reporters.JUnitReportReporter -->
<testsuite skipped="0" hostname="LAPTOP-UEJFETJP" name="gov.uk.check.visa.testsuits.VisaConfirmationTest" tests="3" failures="0" timestamp="2022-05-10T21:47:00 BST" time="16.814" errors="0">
  <testcase name="aColumbianNationalComingToTheUKToJoinAPartnerForALongStayTheyDoHaveAnArticle10Or20Card" time="6.781" classname="gov.uk.check.visa.testsuits.VisaConfirmationTest"/>
  <system-out>
    <![CDATA[Clicking on StartNowButton[[ChromeDriver: chrome on WINDOWS (e3b5587d0ff6fec1a3f813c5b48255d1)] -> xpath: //body/div[@id='wrapper']/div[1]/main[1]/div[2]/div[1]/article[1]/section[1]/a[1]]<br>
Selecting nationality DropDownList Colombia from dropdown [[ChromeDriver: chrome on WINDOWS (e3b5587d0ff6fec1a3f813c5b48255d1)] -> xpath: //select[@id='response']]<br>
Clicking on NationalityContinue[[ChromeDriver: chrome on WINDOWS (e3b5587d0ff6fec1a3f813c5b48255d1)] -> xpath: //button[contains(text(),'Continue')]]<br>
Clicking on Join partner or family for a long stay[[ChromeDriver: chrome on WINDOWS (e3b5587d0ff6fec1a3f813c5b48255d1)] -> xpath: //input[@id='response-4']]<br>
Clicking on reason For Travelling Continue Button [[ChromeDriver: chrome on WINDOWS (e3b5587d0ff6fec1a3f813c5b48255d1)] -> xpath: //button[contains(text(),'Continue')]]<br>
Clicking on Yes[[ChromeDriver: chrome on WINDOWS (e3b5587d0ff6fec1a3f813c5b48255d1)] -> xpath: //input[@id='response-0']]<br>
Clicking on StatusContinue [[ChromeDriver: chrome on WINDOWS (e3b5587d0ff6fec1a3f813c5b48255d1)] -> xpath: //button[contains(text(),'Continue')]]<br>
Getting result  [[ChromeDriver: chrome on WINDOWS (e3b5587d0ff6fec1a3f813c5b48255d1)] -> xpath: //div[@id='result-info']//div[2]/h2]]]>
  </system-out>
  <testcase name="anAustralianCominToUKForTourism" time="4.609" classname="gov.uk.check.visa.testsuits.VisaConfirmationTest"/>
  <system-out>
    <![CDATA[Clicking on StartNowButton[[ChromeDriver: chrome on WINDOWS (2b38e1980f48e988c65b1c0747421db1)] -> xpath: //body/div[@id='wrapper']/div[1]/main[1]/div[2]/div[1]/article[1]/section[1]/a[1]]<br>
Selecting nationality DropDownList Australia from dropdown [[ChromeDriver: chrome on WINDOWS (2b38e1980f48e988c65b1c0747421db1)] -> xpath: //select[@id='response']]<br>
Clicking on NationalityContinue[[ChromeDriver: chrome on WINDOWS (2b38e1980f48e988c65b1c0747421db1)] -> xpath: //button[contains(text(),'Continue')]]<br>
Clicking on Tourism [[ChromeDriver: chrome on WINDOWS (2b38e1980f48e988c65b1c0747421db1)] -> xpath: //input[@id='response-0']]<br>
Clicking on reason For Travelling Continue Button [[ChromeDriver: chrome on WINDOWS (2b38e1980f48e988c65b1c0747421db1)] -> xpath: //button[contains(text(),'Continue')]]<br>
Getting result  [[ChromeDriver: chrome on WINDOWS (2b38e1980f48e988c65b1c0747421db1)] -> xpath: //div[@id='result-info']//div[2]/h2]]]>
  </system-out>
  <testcase name="aChileanComingToTheUKForWorkAndPlansOnStayingForLongerThanSixMonths" time="5.424" classname="gov.uk.check.visa.testsuits.VisaConfirmationTest"/>
  <system-out>
    <![CDATA[Clicking on StartNowButton[[ChromeDriver: chrome on WINDOWS (9ef20e556da32a47c7d0e4f221c3cce2)] -> xpath: //body/div[@id='wrapper']/div[1]/main[1]/div[2]/div[1]/article[1]/section[1]/a[1]]<br>
Selecting nationality DropDownList Chile from dropdown [[ChromeDriver: chrome on WINDOWS (9ef20e556da32a47c7d0e4f221c3cce2)] -> xpath: //select[@id='response']]<br>
Clicking on NationalityContinue[[ChromeDriver: chrome on WINDOWS (9ef20e556da32a47c7d0e4f221c3cce2)] -> xpath: //button[contains(text(),'Continue')]]<br>
Clicking on Work,academic visit or business[[ChromeDriver: chrome on WINDOWS (9ef20e556da32a47c7d0e4f221c3cce2)] -> xpath: //input[@id='response-1']]<br>
Clicking on reason For Travelling Continue Button [[ChromeDriver: chrome on WINDOWS (9ef20e556da32a47c7d0e4f221c3cce2)] -> xpath: //button[contains(text(),'Continue')]]<br>
Clicking on longer than 6 months[[ChromeDriver: chrome on WINDOWS (9ef20e556da32a47c7d0e4f221c3cce2)] -> xpath: //input[@id='response-1']]<br>
Clicking on durationContinue [[ChromeDriver: chrome on WINDOWS (9ef20e556da32a47c7d0e4f221c3cce2)] -> xpath: //button[contains(text(),'Continue')]]<br>
Clicking on health and care professional[[ChromeDriver: chrome on WINDOWS (9ef20e556da32a47c7d0e4f221c3cce2)] -> xpath: //input[@id='response-0']]<br>
Clicking on WorkPlanningContinue[[ChromeDriver: chrome on WINDOWS (9ef20e556da32a47c7d0e4f221c3cce2)] -> xpath: //button[contains(text(),'Continue')]]<br>
Getting result  [[ChromeDriver: chrome on WINDOWS (9ef20e556da32a47c7d0e4f221c3cce2)] -> xpath: //div[@id='result-info']//div[2]/h2]]]>
  </system-out>
</testsuite> <!-- gov.uk.check.visa.testsuits.VisaConfirmationTest -->
